<?xml version="1.0" encoding="UTF-8"?>
<!-- Generated by org.testng.reporters.JUnitXMLReporter -->
<testsuite hostname="Test2" name="Test" tests="5" failures="0" timestamp="12 Jun 2019 06:40:08 GMT" time="220.289" errors="0">
  <testcase name="LaunchWebsite" time="3.892" classname="com.MyFleetMan.testng.testBase"/>
  <testcase name="FillLoginDetails" time="1.139" classname="com.MyFleetMan.testng.testBase"/>
  <testcase name="DoLogin" time="3.056" classname="com.MyFleetMan.testng.testBase"/>
  <testcase name="FillBookingForm" time="199.56" classname="com.MyFleetMan.testng.testBase"/>
  <testcase name="Logout" time="7.231" classname="com.MyFleetMan.testng.testBase"/>
</testsuite> <!-- Test -->
